Arguments: 
  C:\Program Files\nodejs\node.exe C:\Program Files\nodejs\node_modules\yarn\bin\yarn.js workspace @briefs/frontend add @mui/material @emotion/react @emotion/styled

PATH: 
  C:\Users\klyme\Documents\WindowsPowerShell\Modules\oh-my-posh;C:\Program Files\WindowsApps\Microsoft.WindowsTerminal_1.11.3471.0_x64__8wekyb3d8bbwe;C:\Windows\system32;C:\Windows;C:\Windows\System32\Wbem;C:\Windows\System32\WindowsPowerShell\v1.0\;C:\Windows\System32\OpenSSH\;C:\Users\klyme\AppData\Roaming\nvm;C:\Program Files\nodejs;C:\Program Files\Git\cmd;C:\Users\klyme\AppData\Local\Microsoft\WindowsApps;C:\Users\klyme\AppData\Local\Programs\Microsoft VS Code\bin;C:\Users\klyme\AppData\Local\GitHubDesktop\bin;C:\Users\klyme\AppData\Roaming\nvm;C:\Program Files\nodejs

Yarn version: 
  1.22.17

Node version: 
  16.13.1

Platform: 
  win32 x64

Trace: 
  SyntaxError: C:\Users\klyme\Desktop\sn-alien\briefs\frontend\package.json: Unexpected token } in JSON at position 406
      at JSON.parse (<anonymous>)
      at C:\Users\klyme\AppData\Roaming\nvm\v16.13.1\node_modules\yarn\lib\cli.js:1625:59
      at Generator.next (<anonymous>)
      at step (C:\Users\klyme\AppData\Roaming\nvm\v16.13.1\node_modules\yarn\lib\cli.js:310:30)
      at C:\Users\klyme\AppData\Roaming\nvm\v16.13.1\node_modules\yarn\lib\cli.js:321:13

npm manifest: 
  {
    "name": "briefs",
    "private": true,
    "workspaces": {
      "packages": [
        "backend",
        "frontend"
      ]
    },
    "devDependencies": {
      "lerna": "^4.0.0"
    }
  }

yarn manifest: 
  No manifest

Lockfile: 
  No lockfile
